2023-08-09 18:28 +07:00: 8080
2023-08-09 18:28 +07:00: 8081
2023-08-09 18:28 +07:00: 8080
2023-08-09 18:28 +07:00: D:\Deploy\todo\frontend
2023-08-09 18:28 +07:00: Server running on port 8080
2023-08-09 18:28 +07:00: 8081
2023-08-09 18:28 +07:00: Mongodb Connected...
2023-08-09 18:28 +07:00: D:\Deploy\todo\frontend
2023-08-09 18:28 +07:00: D:\Deploy\todo\frontend
2023-08-09 18:28 +07:00: Server running on port 8081
2023-08-09 18:28 +07:00: Server running on port 8080
2023-08-09 18:28 +07:00: Mongodb Connected...
2023-08-09 18:28 +07:00: Mongodb Connected...
2023-08-09 18:28 +07:00: D:\Deploy\todo\frontend
2023-08-09 18:28 +07:00: Server running on port 8081
2023-08-09 18:28 +07:00: Mongodb Connected...
2023-08-09 18:28 +07:00: 8080
2023-08-09 18:28 +07:00: 8080
2023-08-09 18:28 +07:00: 8081
2023-08-09 18:28 +07:00: 8081
2023-08-09 18:28 +07:00: D:\Deploy\todo\frontend
2023-08-09 18:28 +07:00: D:\Deploy\todo\frontend
2023-08-09 18:28 +07:00: Server running on port 8080
2023-08-09 18:28 +07:00: D:\Deploy\todo\frontend
2023-08-09 18:28 +07:00: D:\Deploy\todo\frontend
2023-08-09 18:28 +07:00: Server running on port 8080
2023-08-09 18:28 +07:00: Server running on port 8081
2023-08-09 18:28 +07:00: Mongodb Connected...
2023-08-09 18:28 +07:00: Server running on port 8081
2023-08-09 18:28 +07:00: Mongodb Connected...
2023-08-09 18:28 +07:00: Mongodb Connected...
2023-08-09 18:28 +07:00: Mongodb Connected...
2023-08-09 19:06 +07:00: 8081
2023-08-09 19:06 +07:00: 8080
2023-08-09 19:06 +07:00: 8081
2023-08-09 19:06 +07:00: 8080
2023-08-09 19:06 +07:00: D:\Deploy\todo\frontend
2023-08-09 19:06 +07:00: D:\Deploy\todo\frontend
2023-08-09 19:06 +07:00: D:\Deploy\todo\frontend
2023-08-09 19:06 +07:00: D:\Deploy\todo\frontend
2023-08-09 19:06 +07:00: Server running on port 8080
2023-08-09 19:06 +07:00: Server running on port 8081
2023-08-09 19:06 +07:00: Server running on port 8080
2023-08-09 19:06 +07:00: Server running on port 8081
2023-08-09 19:06 +07:00: Mongodb Connected...
2023-08-09 19:06 +07:00: Mongodb Connected...
2023-08-09 19:06 +07:00: Mongodb Connected...
2023-08-09 19:06 +07:00: Mongodb Connected...
2023-08-09 19:09 +07:00: 8080
2023-08-09 19:09 +07:00: D:\Deploy\todo\frontend
2023-08-09 19:09 +07:00: Server running on port 8080
2023-08-09 19:09 +07:00: Mongodb Connected...
2023-08-09 19:09 +07:00: 8080
2023-08-09 19:09 +07:00: D:\Deploy\todo\frontend
2023-08-09 19:09 +07:00: Server running on port 8080
2023-08-09 19:09 +07:00: Mongodb Connected...
2023-08-09 19:10 +07:00: 8080
2023-08-09 19:10 +07:00: D:\Deploy\todo\frontend
2023-08-09 19:10 +07:00: Server running on port 8080
2023-08-09 19:10 +07:00: Mongodb Connected...
2023-08-09 19:10 +07:00: 8080
2023-08-09 19:10 +07:00: D:\Deploy\todo\frontend
2023-08-09 19:10 +07:00: Server running on port 8080
2023-08-09 19:10 +07:00: Mongodb Connected...
2023-08-09 20:00 +07:00: 8080
2023-08-09 20:00 +07:00: 8080
2023-08-09 20:00 +07:00: D:\Deploy\todo\frontend
2023-08-09 20:00 +07:00: Server running on port 8080
2023-08-09 20:00 +07:00: Mongodb Connected...
2023-08-09 20:00 +07:00: D:\Deploy\todo\frontend
2023-08-09 20:00 +07:00: 8080
2023-08-09 20:00 +07:00: Server running on port 8080
2023-08-09 20:00 +07:00: Mongodb Connected...
2023-08-09 20:00 +07:00: 8080
2023-08-09 20:00 +07:00: D:\Deploy\todo\frontend
2023-08-09 20:00 +07:00: Server running on port 8080
2023-08-09 20:00 +07:00: Mongodb Connected...
2023-08-09 20:00 +07:00: D:\Deploy\todo\frontend
2023-08-09 20:00 +07:00: Server running on port 8080
2023-08-09 20:00 +07:00: Mongodb Connected...
2023-08-09 20:01 +07:00: 8080
2023-08-09 20:01 +07:00: 8080
2023-08-09 20:01 +07:00: 8080
2023-08-09 20:01 +07:00: D:\Deploy\todo\frontend
2023-08-09 20:01 +07:00: D:\Deploy\todo\frontend
2023-08-09 20:01 +07:00: Server running on port 8080
2023-08-09 20:01 +07:00: Server running on port 8080
2023-08-09 20:01 +07:00: Mongodb Connected...
2023-08-09 20:01 +07:00: Mongodb Connected...
2023-08-09 20:01 +07:00: 8080
2023-08-09 20:01 +07:00: D:\Deploy\todo\frontend
2023-08-09 20:01 +07:00: Server running on port 8080
2023-08-09 20:01 +07:00: Mongodb Connected...
2023-08-09 20:01 +07:00: D:\Deploy\todo\frontend
2023-08-09 20:01 +07:00: Server running on port 8080
2023-08-09 20:01 +07:00: Mongodb Connected...
2023-08-09 20:01 +07:00: 8080
2023-08-09 20:01 +07:00: 8080
2023-08-09 20:01 +07:00: 8080
2023-08-09 20:01 +07:00: 8080
2023-08-09 20:01 +07:00: D:\Deploy\todo\frontend
2023-08-09 20:01 +07:00: D:\Deploy\todo\frontend
2023-08-09 20:01 +07:00: Server running on port 8080
2023-08-09 20:01 +07:00: D:\Deploy\todo\frontend
2023-08-09 20:01 +07:00: Server running on port 8080
2023-08-09 20:01 +07:00: Mongodb Connected...
2023-08-09 20:01 +07:00: Mongodb Connected...
2023-08-09 20:01 +07:00: Server running on port 8080
2023-08-09 20:01 +07:00: D:\Deploy\todo\frontend
2023-08-09 20:01 +07:00: Mongodb Connected...
2023-08-09 20:01 +07:00: Server running on port 8080
2023-08-09 20:01 +07:00: Mongodb Connected...
2023-08-09 20:01 +07:00: 8080
2023-08-09 20:01 +07:00: 8080
2023-08-09 20:01 +07:00: D:\Deploy\todo\frontend
2023-08-09 20:01 +07:00: D:\Deploy\todo\frontend
2023-08-09 20:01 +07:00: Server running on port 8080
2023-08-09 20:01 +07:00: Server running on port 8080
2023-08-09 20:01 +07:00: Mongodb Connected...
2023-08-09 20:01 +07:00: Mongodb Connected...
2023-08-09 20:01 +07:00: 8080
2023-08-09 20:01 +07:00: 8080
2023-08-09 20:01 +07:00: D:\Deploy\todo\frontend
2023-08-09 20:01 +07:00: Server running on port 8080
2023-08-09 20:01 +07:00: D:\Deploy\todo\frontend
2023-08-09 20:01 +07:00: Mongodb Connected...
2023-08-09 20:01 +07:00: Server running on port 8080
2023-08-09 20:01 +07:00: Mongodb Connected...
2023-08-09 20:03 +07:00: 8080
2023-08-09 20:03 +07:00: 8080
2023-08-09 20:03 +07:00: 8080
2023-08-09 20:03 +07:00: 8080
2023-08-09 20:03 +07:00: D:\Deploy\todo\frontend
2023-08-09 20:03 +07:00: Server running on port 8080
2023-08-09 20:03 +07:00: D:\Deploy\todo\frontend
2023-08-09 20:03 +07:00: Mongodb Connected...
2023-08-09 20:03 +07:00: D:\Deploy\todo\frontend
2023-08-09 20:03 +07:00: Server running on port 8080
2023-08-09 20:03 +07:00: Server running on port 8080
2023-08-09 20:03 +07:00: D:\Deploy\todo\frontend
2023-08-09 20:03 +07:00: Mongodb Connected...
2023-08-09 20:03 +07:00: Mongodb Connected...
2023-08-09 20:03 +07:00: Server running on port 8080
2023-08-09 20:03 +07:00: Mongodb Connected...
2023-08-09 20:03 +07:00: 8080
2023-08-09 20:03 +07:00: 8080
2023-08-09 20:03 +07:00: 8080
2023-08-09 20:03 +07:00: 8080
2023-08-09 20:03 +07:00: D:\Deploy\todo\frontend
2023-08-09 20:03 +07:00: Server running on port 8080
2023-08-09 20:03 +07:00: D:\Deploy\todo\frontend
2023-08-09 20:03 +07:00: Server running on port 8080
2023-08-09 20:03 +07:00: Mongodb Connected...
2023-08-09 20:03 +07:00: D:\Deploy\todo\frontend
2023-08-09 20:03 +07:00: D:\Deploy\todo\frontend
2023-08-09 20:03 +07:00: Server running on port 8080
2023-08-09 20:03 +07:00: Mongodb Connected...
2023-08-09 20:03 +07:00: Server running on port 8080
2023-08-09 20:03 +07:00: Mongodb Connected...
2023-08-09 20:03 +07:00: Mongodb Connected...
2023-08-09 20:03 +07:00: 8081
2023-08-09 20:03 +07:00: 8080
2023-08-09 20:03 +07:00: D:\Deploy\todo\frontend
2023-08-09 20:03 +07:00: Server running on port 8081
2023-08-09 20:03 +07:00: Mongodb Connected...
2023-08-09 20:03 +07:00: D:\Deploy\todo\frontend
2023-08-09 20:03 +07:00: Server running on port 8080
2023-08-09 20:03 +07:00: Mongodb Connected...
2023-08-09 20:03 +07:00: 8081
2023-08-09 20:03 +07:00: 8080
2023-08-09 20:03 +07:00: D:\Deploy\todo\frontend
2023-08-09 20:03 +07:00: D:\Deploy\todo\frontend
2023-08-09 20:03 +07:00: Server running on port 8080
2023-08-09 20:03 +07:00: Server running on port 8081
2023-08-09 20:03 +07:00: Mongodb Connected...
2023-08-09 20:03 +07:00: Mongodb Connected...
2023-08-09 20:04 +07:00: 8080
2023-08-09 20:04 +07:00: D:\Deploy\todo\frontend
2023-08-09 20:04 +07:00: Server running on port 8080
2023-08-09 20:04 +07:00: Mongodb Connected...
2023-08-09 20:04 +07:00: 8081
2023-08-09 20:04 +07:00: D:\Deploy\todo\frontend
2023-08-09 20:04 +07:00: Server running on port 8081
2023-08-09 20:04 +07:00: Mongodb Connected...
2023-08-09 20:04 +07:00: 8081
2023-08-09 20:04 +07:00: 8080
2023-08-09 20:04 +07:00: D:\Deploy\todo\frontend
2023-08-09 20:04 +07:00: Server running on port 8081
2023-08-09 20:04 +07:00: Mongodb Connected...
2023-08-09 20:04 +07:00: D:\Deploy\todo\frontend
2023-08-09 20:04 +07:00: Server running on port 8080
2023-08-09 20:04 +07:00: Mongodb Connected...
2023-08-09 20:04 +07:00: 8080
2023-08-09 20:04 +07:00: D:\Deploy\todo\frontend
2023-08-09 20:04 +07:00: Server running on port 8080
2023-08-09 20:04 +07:00: 8081
2023-08-09 20:04 +07:00: Mongodb Connected...
2023-08-09 20:04 +07:00: D:\Deploy\todo\frontend
2023-08-09 20:04 +07:00: Server running on port 8081
2023-08-09 20:04 +07:00: Mongodb Connected...
2023-08-09 20:04 +07:00: 8080
2023-08-09 20:04 +07:00: 8081
2023-08-09 20:04 +07:00: D:\Deploy\todo\frontend
2023-08-09 20:04 +07:00: Server running on port 8080
2023-08-09 20:04 +07:00: Mongodb Connected...
2023-08-09 20:04 +07:00: D:\Deploy\todo\frontend
2023-08-09 20:04 +07:00: Server running on port 8081
2023-08-09 20:04 +07:00: Mongodb Connected...
2023-08-09 20:16 +07:00: 8081
2023-08-09 20:16 +07:00: D:\Deploy\todo\frontend
2023-08-09 20:16 +07:00: Server running on port 8081
2023-08-09 20:16 +07:00: 8080
2023-08-09 20:16 +07:00: Mongodb Connected...
2023-08-09 20:16 +07:00: 8081
2023-08-09 20:16 +07:00: 8080
2023-08-09 20:16 +07:00: D:\Deploy\todo\frontend
2023-08-09 20:16 +07:00: Server running on port 8080
2023-08-09 20:16 +07:00: D:\Deploy\todo\frontend
2023-08-09 20:16 +07:00: Mongodb Connected...
2023-08-09 20:16 +07:00: Server running on port 8081
2023-08-09 20:16 +07:00: D:\Deploy\todo\frontend
2023-08-09 20:16 +07:00: Mongodb Connected...
2023-08-09 20:16 +07:00: Server running on port 8080
2023-08-09 20:16 +07:00: Mongodb Connected...
2023-08-10 06:40 +07:00: worker pid=18540
2023-08-10 06:40 +07:00: worker pid=21880
2023-08-10 06:40 +07:00: App listening on port 3000
2023-08-10 06:40 +07:00: App listening on port 3000
2023-08-10 06:41 +07:00: worker pid=7448
2023-08-10 06:41 +07:00: worker pid=10216
2023-08-10 06:41 +07:00: App listening on port 3000
2023-08-10 06:41 +07:00: App listening on port 3000
2023-08-10 06:41 +07:00: worker pid=13672
2023-08-10 06:41 +07:00: App listening on port 3000
2023-08-10 06:41 +07:00: worker pid=22680
2023-08-10 06:41 +07:00: App listening on port 3000
2023-08-10 06:41 +07:00: worker pid=9204
2023-08-10 06:41 +07:00: App listening on port 3000
2023-08-10 06:41 +07:00: worker pid=12612
2023-08-10 06:41 +07:00: App listening on port 3000
2023-08-10 06:41 +07:00: worker pid=13876
2023-08-10 06:41 +07:00: worker pid=3508
2023-08-10 06:41 +07:00: worker pid=23100
2023-08-10 06:41 +07:00: App listening on port 3000
2023-08-10 06:41 +07:00: App listening on port 3000
2023-08-10 06:41 +07:00: worker pid=7448
2023-08-10 06:41 +07:00: worker pid=10104
2023-08-10 06:41 +07:00: App listening on port 3000
2023-08-10 06:41 +07:00: App listening on port 3000
2023-08-10 06:41 +07:00: App listening on port 3000
2023-08-10 06:41 +07:00: worker pid=22696
2023-08-10 06:41 +07:00: App listening on port 3000
2023-08-10 06:41 +07:00: worker pid=15420
2023-08-10 06:41 +07:00: worker pid=20044
2023-08-10 06:41 +07:00: App listening on port 3000
2023-08-10 06:41 +07:00: App listening on port 3000
2023-08-10 06:42 +07:00: worker pid=5712
2023-08-10 06:42 +07:00: worker pid=17320
2023-08-10 06:42 +07:00: App listening on port 3000
2023-08-10 06:42 +07:00: App listening on port 3000
2023-08-10 06:42 +07:00: worker pid=9876
2023-08-10 06:42 +07:00: worker pid=16256
2023-08-10 06:42 +07:00: App listening on port 3000
2023-08-10 06:42 +07:00: App listening on port 3000
2023-08-10 06:42 +07:00: worker pid=22088
2023-08-10 06:42 +07:00: worker pid=13568
2023-08-10 06:42 +07:00: App listening on port 3000
2023-08-10 06:42 +07:00: App listening on port 3000
2023-08-10 06:42 +07:00: worker pid=23080
2023-08-10 06:42 +07:00: worker pid=22524
2023-08-10 06:42 +07:00: App listening on port 3000
2023-08-10 06:42 +07:00: App listening on port 3000
2023-08-10 19:50 +07:00: worker pid=7156
2023-08-10 19:50 +07:00: worker pid=24872
2023-08-10 19:50 +07:00: worker pid=15080
2023-08-10 19:50 +07:00: worker pid=15788
2023-08-10 19:50 +07:00: App listening on port 3000
2023-08-10 19:50 +07:00: App listening on port 3000
2023-08-10 19:50 +07:00: App listening on port 3000
2023-08-10 19:50 +07:00: App listening on port 3000
2023-08-10 19:50 +07:00: worker pid=22056
2023-08-10 19:50 +07:00: worker pid=3296
2023-08-10 19:50 +07:00: App listening on port 3000
2023-08-10 19:50 +07:00: App listening on port 3000
2023-08-10 19:50 +07:00: worker pid=20524
2023-08-10 19:50 +07:00: worker pid=21064
2023-08-10 19:50 +07:00: worker pid=23524
2023-08-10 19:50 +07:00: worker pid=23900
2023-08-10 19:50 +07:00: App listening on port 3000
2023-08-10 19:50 +07:00: App listening on port 3000
2023-08-10 19:50 +07:00: App listening on port 3000
2023-08-10 19:50 +07:00: App listening on port 3000
2023-08-10 19:53 +07:00: worker pid=1632
2023-08-10 19:53 +07:00: worker pid=8652
2023-08-10 19:53 +07:00: App listening on port 3000
2023-08-10 19:53 +07:00: App listening on port 3000
2023-08-10 19:53 +07:00: worker pid=20468
2023-08-10 19:53 +07:00: App listening on port 3000
2023-08-10 19:53 +07:00: worker pid=2292
2023-08-10 19:53 +07:00: App listening on port 3000
2023-08-10 19:54 +07:00: worker pid=21772
2023-08-10 19:54 +07:00: worker pid=20532
2023-08-10 19:54 +07:00: App listening on port 3000
2023-08-10 19:54 +07:00: App listening on port 3000
2023-08-10 19:55 +07:00: worker pid=24000
2023-08-10 19:55 +07:00: App listening on port 3000
2023-08-10 19:55 +07:00: worker pid=18904
2023-08-10 19:55 +07:00: App listening on port 3000
2023-08-10 19:55 +07:00: worker pid=8644
2023-08-10 19:55 +07:00: worker pid=24504
2023-08-10 19:55 +07:00: App listening on port 3000
2023-08-10 19:55 +07:00: App listening on port 3000
2023-08-10 19:57 +07:00: 8021
2023-08-10 19:57 +07:00: 8021
2023-08-10 19:57 +07:00: D:\Deploy\todo\frontend
2023-08-10 19:57 +07:00: D:\Deploy\todo\frontend
2023-08-10 19:57 +07:00: Server running on port 8021
2023-08-10 19:57 +07:00: Server running on port 8021
2023-08-10 19:57 +07:00: Mongodb Connected...
2023-08-10 19:57 +07:00: Mongodb Connected...
